C:\Program Files (x86)\Microsoft Visual Studio\2019\Community\MSBuild\Microsoft\VC\v160\Microsoft.CppBuild.targets(438,5): warning MSB8004: Output Directory does not end with a trailing slash.  This build instance will add the slash as it is required to allow proper evaluation of the Output Directory.
  DNS.c
  ICMP.c
C:\Users\GUEST-PC\Desktop\RPL_DODAG_Formation_Visualization_in_IOT_Networks_v12.1\WorkSpace_DODAG_Visualization\src\Simulation\IP\ICMP.c(587,15): warning C4101:  'j': unreferenced local variable
  IGMP.c
  IGMP_Host.c
  IGMP_Msg.c
  IGMP_Router.c
  IP.c
C:\Users\GUEST-PC\Desktop\RPL_DODAG_Formation_Visualization_in_IOT_Networks_v12.1\WorkSpace_DODAG_Visualization\src\Simulation\IP\ICMP.c(587,12): warning C4101:  'i': unreferenced local variable
  IP_Routing.c
C:\Users\GUEST-PC\Desktop\RPL_DODAG_Formation_Visualization_in_IOT_Networks_v12.1\WorkSpace_DODAG_Visualization\src\Simulation\IP\IP.c(29,10): error C1083:  Cannot open include file: '../Firewall/Firewall.h': No such file or directory
  IP_Utility.c
  Multicast.c
  NAT.c
  PIM_Config.c
  PIM_Group.c
  PIM_Hello.c
  PIM_Join.c
  PIM_Msg.c
  PIM_Neighbor.c
  PIM_Print.c
  PIM_Route.c
  PIM_Route_Msg.c
  Generating Code...
  Compiling...
  PIM_SM.c
  VPN.c
C:\Users\GUEST-PC\Desktop\RPL_DODAG_Formation_Visualization_in_IOT_Networks_v12.1\WorkSpace_DODAG_Visualization\src\Simulation\IP\IP_Routing.c(19,10): error C1083:  Cannot open include file: '../Firewall/Firewall.h': No such file or directory
C:\Users\GUEST-PC\Desktop\RPL_DODAG_Formation_Visualization_in_IOT_Networks_v12.1\WorkSpace_DODAG_Visualization\src\Simulation\IP\IP_Routing.c(19,10): error C1083: C:\Users\GUEST-PC\Desktop\RPL_DODAG_Formation_Visualization_in_IOT_Networks_v12.1\WorkSpace_DODAG_Visualization\src\Simulation\IP\VPN.c(205) : Warning Msg: fn_NetSim_IP_VPN_GetIPFromServer needs to be implemented for IPV6
  Generating Code...
C:\Users\GUEST-PC\Desktop\RPL_DODAG_Formation_Visualization_in_IOT_Networks_v12.1\WorkSpace_DODAG_Visualization\src\Simulation\IP\VPN.c(326,1): warning C4028:  formal parameter 1 different from declaration
